<?xml version="1.0" encoding="UTF-8"?>
<testng-results skipped="0" failed="0" ignored="0" total="1" passed="1">
  <reporter-output>
  </reporter-output>
  <suite name="Default suite" duration-ms="951" started-at="2019-03-03T02:24:22Z" finished-at="2019-03-03T02:24:23Z">
    <groups>
    </groups>
    <test name="Default test" duration-ms="951" started-at="2019-03-03T02:24:22Z" finished-at="2019-03-03T02:24:23Z">
      <class name="KeywordDrivenTesting.application">
        <test-method status="PASS" signature="applicationTest()[pri:0, instance:KeywordDrivenTesting.application@2353b3e6]" name="applicationTest" duration-ms="901" started-at="2019-03-03T02:24:22Z" finished-at="2019-03-03T02:24:23Z">
          <reporter-output>
          </reporter-output>
        </test-method> <!-- applicationTest -->
      </class> <!-- KeywordDrivenTesting.application -->
    </test> <!-- Default test -->
  </suite> <!-- Default suite -->
</testng-results>
