<?xml version="1.0" encoding="UTF-8"?>
<!-- Generated by org.testng.reporters.JUnitXMLReporter -->
<testsuite hostname="LAPTOP-ONUNHAE6" ignored="0" name="TestNG Examples" tests="2" failures="0" timestamp="31 Jan 2019 00:05:30 GMT" time="124.603" errors="0">
  <testcase name="verifyloginpage" time="35.806" classname="com.TestNGDemo.src.TestNGConcepts.PriorityDemo"/>
  <testcase name="verifysignuppage" time="9.69" classname="com.TestNGDemo.src.TestNGConcepts.PriorityDemo"/>
</testsuite> <!-- TestNG Examples -->
