<?xml version="1.0" encoding="UTF-8"?>
<!-- Generated by org.testng.reporters.JUnitXMLReporter -->
<testsuite hostname="LAPTOP-ONUNHAE6" ignored="0" name="crossbrowserTesting-chrome" tests="2" failures="0" timestamp="01 Feb 2019 01:19:51 GMT" time="62.984" errors="0">
  <testcase name="verifylogin" time="20.813" classname="com.TestNGDemo.src.TestNGConcepts.parameterization"/>
  <testcase name="verifysignup" time="6.283" classname="com.TestNGDemo.src.TestNGConcepts.parameterization"/>
</testsuite> <!-- crossbrowserTesting-chrome -->
