<?xml version="1.0" encoding="UTF-8"?>
<!-- Generated by org.testng.reporters.JUnitXMLReporter -->
<testsuite hostname="LAPTOP-ONUNHAE6" ignored="0" name="Test" tests="1" failures="1" timestamp="24 Jan 2019 16:08:24 GMT" time="0.05" errors="0">
  <testcase name="LogoutValidation" time="0.016" classname="testngExamples.NewTest">
    <failure type="java.lang.AssertionError" message="expected [edureka-logout] but found [null]">
      <![CDATA[java.lang.AssertionError: expected [edureka-logout] but found [null]
at testngExamples.NewTest.LogoutValidation(NewTest.java:68)
... Removed 31 stack frames]]>
    </failure>
  </testcase> <!-- LogoutValidation -->
</testsuite> <!-- Test -->
