<?xml version="1.0" encoding="UTF-8"?>
<!-- Generated by org.testng.reporters.JUnitXMLReporter -->
<testsuite hostname="LAPTOP-ONUNHAE6" ignored="0" name="parameterization" tests="2" failures="0" timestamp="31 Jan 2019 21:35:21 GMT" time="59.832" errors="0">
  <testcase name="verifylogin" time="22.218" classname="com.TestNGDemo.src.TestNGConcepts.parameterization"/>
  <testcase name="verifysignup" time="6.111" classname="com.TestNGDemo.src.TestNGConcepts.parameterization"/>
</testsuite> <!-- parameterization -->
