<?xml version="1.0" encoding="UTF-8"?>
<testng-results skipped="0" failed="0" ignored="0" total="1" passed="1">
  <reporter-output>
  </reporter-output>
  <suite name="Default suite" duration-ms="35784" started-at="2019-02-11T19:39:36Z" finished-at="2019-02-11T19:40:12Z">
    <groups>
    </groups>
    <test name="Default test" duration-ms="35784" started-at="2019-02-11T19:39:36Z" finished-at="2019-02-11T19:40:12Z">
      <class name="day.first.projectonedureka">
        <test-method status="PASS" signature="setup()[pri:0, instance:day.first.projectonedureka@57e1b0c]" name="setup" is-config="true" duration-ms="13913" started-at="2019-02-11T19:39:36Z" finished-at="2019-02-11T19:39:50Z">
          <reporter-output>
          </reporter-output>
        </test-method> <!-- setup -->
        <test-method status="PASS" signature="verifyMyclassroom()[pri:0, instance:day.first.projectonedureka@57e1b0c]" name="verifyMyclassroom" duration-ms="21850" started-at="2019-02-11T19:39:50Z" finished-at="2019-02-11T19:40:12Z">
          <reporter-output>
          </reporter-output>
        </test-method> <!-- verifyMyclassroom -->
      </class> <!-- day.first.projectonedureka -->
    </test> <!-- Default test -->
  </suite> <!-- Default suite -->
</testng-results>
