<?xml version="1.0" encoding="UTF-8"?>
<testng-results skipped="0" failed="0" ignored="0" total="1" passed="1">
  <reporter-output>
  </reporter-output>
  <suite name="Default suite" duration-ms="184779" started-at="2019-02-19T23:32:22Z" finished-at="2019-02-19T23:35:27Z">
    <groups>
    </groups>
    <test name="Default test" duration-ms="184779" started-at="2019-02-19T23:32:22Z" finished-at="2019-02-19T23:35:27Z">
      <class name="com.TestNGDemo.src.TestNGConcepts.ProjectSelenium">
        <test-method status="PASS" signature="setup()[pri:0, instance:com.TestNGDemo.src.TestNGConcepts.ProjectSelenium@1877ab81]" name="setup" is-config="true" duration-ms="16243" started-at="2019-02-19T23:32:22Z" finished-at="2019-02-19T23:32:39Z">
          <reporter-output>
          </reporter-output>
        </test-method> <!-- setup -->
        <test-method status="PASS" signature="verifyBlogs()[pri:1, instance:com.TestNGDemo.src.TestNGConcepts.ProjectSelenium@1877ab81]" name="verifyBlogs" duration-ms="168511" started-at="2019-02-19T23:32:39Z" finished-at="2019-02-19T23:35:27Z">
          <reporter-output>
          </reporter-output>
        </test-method> <!-- verifyBlogs -->
      </class> <!-- com.TestNGDemo.src.TestNGConcepts.ProjectSelenium -->
    </test> <!-- Default test -->
  </suite> <!-- Default suite -->
</testng-results>
